<?xml version="1.0" encoding="UTF-8"?>
<!-- Generated by org.testng.reporters.JUnitXMLReporter -->
<testsuite ignored="14" hostname="DESKTOP-809UO53" failures="0" tests="1" name="Default test" time="9.386" errors="0" timestamp="2025-11-26T19:43:55 IST">
  <testcase classname="Frontendtest.HomePageTests" name="testtextvalidationaboutusmenu" time="0.211"/>
  <testcase classname="Frontendtest.HomePageTests" name="testvisibilityofemail" time="0.0">
    <ignored/>
  </testcase> <!-- testvisibilityofemail -->
  <testcase classname="Frontendtest.HomePageTests" name="testtextvalidationcontactusmenu" time="0.0">
    <ignored/>
  </testcase> <!-- testtextvalidationcontactusmenu -->
  <testcase classname="Frontendtest.HomePageTests" name="testtextvalidationhomemenu" time="0.0">
    <ignored/>
  </testcase> <!-- testtextvalidationhomemenu -->
  <testcase classname="Frontendtest.HomePageTests" name="testvisibilityofshoppingbagmenu" time="0.0">
    <ignored/>
  </testcase> <!-- testvisibilityofshoppingbagmenu -->
  <testcase classname="Frontendtest.HomePageTests" name="testvisibilityofcart" time="0.0">
    <ignored/>
  </testcase> <!-- testvisibilityofcart -->
  <testcase classname="Frontendtest.HomePageTests" name="testvisibilityoflogo" time="0.0">
    <ignored/>
  </testcase> <!-- testvisibilityoflogo -->
  <testcase classname="Frontendtest.HomePageTests" name="testvisibilityofcontactusmenu" time="0.0">
    <ignored/>
  </testcase> <!-- testvisibilityofcontactusmenu -->
  <testcase classname="Frontendtest.HomePageTests" name="testvisibilityofdropdowntogglemenu" time="0.0">
    <ignored/>
  </testcase> <!-- testvisibilityofdropdowntogglemenu -->
  <testcase classname="Frontendtest.HomePageTests" name="testvisibilityofhomemenu" time="0.0">
    <ignored/>
  </testcase> <!-- testvisibilityofhomemenu -->
  <testcase classname="Frontendtest.HomePageTests" name="testtextvalidationproductsmenu" time="0.0">
    <ignored/>
  </testcase> <!-- testtextvalidationproductsmenu -->
  <testcase classname="Frontendtest.HomePageTests" name="testvisibilityofaboutmenu" time="0.0">
    <ignored/>
  </testcase> <!-- testvisibilityofaboutmenu -->
  <testcase classname="Frontendtest.HomePageTests" name="testvisibilityofproductsmenu" time="0.0">
    <ignored/>
  </testcase> <!-- testvisibilityofproductsmenu -->
  <testcase classname="Frontendtest.HomePageTests" name="testvisibilityofphnum" time="0.0">
    <ignored/>
  </testcase> <!-- testvisibilityofphnum -->
  <testcase classname="Frontendtest.HomePageTests" name="Testgetheadertext" time="0.0">
    <ignored/>
  </testcase> <!-- Testgetheadertext -->
</testsuite> <!-- Default test -->
