<?xml version="1.0" encoding="UTF-8"?>
<testng-results ignored="0" total="1" passed="1" failed="0" skipped="0">
  <reporter-output>
  </reporter-output>
  <suite started-at="2025-11-26T19:43:46 IST" name="Default suite" finished-at="2025-11-26T19:43:55 IST" duration-ms="9386">
    <groups>
    </groups>
    <test started-at="2025-11-26T19:43:46 IST" name="Default test" finished-at="2025-11-26T19:43:55 IST" duration-ms="9386">
      <class name="Frontendtest.HomePageTests">
        <test-method is-config="true" signature="beforeMethod()[pri:0, instance:Frontendtest.HomePageTests@57a78e3]" started-at="2025-11-26T19:43:46 IST" name="beforeMethod" finished-at="2025-11-26T19:43:55 IST" duration-ms="8705" status="PASS">
          <reporter-output>
          </reporter-output>
        </test-method> <!-- beforeMethod -->
        <test-method signature="testtextvalidationaboutusmenu()[pri:12, instance:Frontendtest.HomePageTests@57a78e3]" started-at="2025-11-26T19:43:55 IST" name="testtextvalidationaboutusmenu" finished-at="2025-11-26T19:43:55 IST" duration-ms="211" status="PASS">
          <reporter-output>
          </reporter-output>
        </test-method> <!-- testtextvalidationaboutusmenu -->
        <test-method is-config="true" signature="afterMethod()[pri:0, instance:Frontendtest.HomePageTests@57a78e3]" started-at="2025-11-26T19:43:55 IST" name="afterMethod" finished-at="2025-11-26T19:43:55 IST" duration-ms="355" status="PASS">
          <reporter-output>
          </reporter-output>
        </test-method> <!-- afterMethod -->
      </class> <!-- Frontendtest.HomePageTests -->
    </test> <!-- Default test -->
  </suite> <!-- Default suite -->
</testng-results>
